<?xml version="1.0" encoding="UTF-8"?>
<!-- Generated by org.testng.reporters.JUnitReportReporter -->
<testsuite hostname="DESKTOP-9OPLPOQ" name="com.javacodegeeks.testng.maven.TestNgMavenExample" tests="1" failures="0" timestamp="6 Sep 2018 16:38:10 GMT" time="0.002" errors="0">
  <testcase name="exampleOfTestNgMaven" time="0.002" classname="com.javacodegeeks.testng.maven.TestNgMavenExample"/>
</testsuite> <!-- com.javacodegeeks.testng.maven.TestNgMavenExample -->
