<?xml version="1.0" encoding="UTF-8"?>
<!-- Generated by org.testng.reporters.JUnitReportReporter -->
<testsuite hostname="DESKTOP-9OPLPOQ" name="com.javacodegeeks.testng.maven.TestNgMavenSecondClass" tests="1" failures="0" timestamp="6 Sep 2018 17:21:22 GMT" time="0.000" errors="0">
  <testcase name="oneMoreTest" time="0.000" classname="com.javacodegeeks.testng.maven.TestNgMavenSecondClass"/>
</testsuite> <!-- com.javacodegeeks.testng.maven.TestNgMavenSecondClass -->
